#
# There is insufficient memory for the Java Runtime Environment to continue.
# Native memory allocation (mmap) failed to map 134217728 bytes for G1 virtual space
# Possible reasons:
#   The system is out of physical RAM or swap space
#   The process is running with CompressedOops enabled, and the Java Heap may be blocking the growth of the native heap
# Possible solutions:
#   Reduce memory load on the system
#   Increase physical memory or swap space
#   Check if swap backing store is full
#   Decrease Java heap size (-Xmx/-Xms)
#   Decrease number of Java threads
#   Decrease Java thread stack sizes (-Xss)
#   Set larger code cache with -XX:ReservedCodeCacheSize=
#   JVM is running with Unscaled Compressed Oops mode in which the Java heap is
#     placed in the first 4GB address space. The Java Heap base address is the
#     maximum limit for the native heap growth. Please use -XX:HeapBaseMinAddress
#     to set the Java Heap base and to place the Java Heap above 4GB virtual address.
# This output file may be truncated or incomplete.
#
#  Out of Memory Error (os_windows.cpp:3769), pid=8064, tid=3468
#
# JRE version:  (17.0.6) (build )
# Java VM: OpenJDK 64-Bit Server VM (17.0.6+0-b2043.56-10027231, mixed mode, sharing, tiered, compressed oops, compressed class ptrs, g1 gc, windows-amd64)
# No core dump will be written. Minidumps are not enabled by default on client versions of Windows
#

---------------  S U M M A R Y ------------

Command Line: 

Host: Intel(R) Core(TM) i5-6300U CPU @ 2.40GHz, 4 cores, 7G,  Windows 11 , 64 bit Build 22621 (10.0.22621.2428)
Time: Sun Dec  3 12:24:37 2023 E. Africa Standard Time elapsed time: 0.321234 seconds (0d 0h 0m 0s)

---------------  T H R E A D  ---------------

Current thread (0x000002194ced6780):  JavaThread "Unknown thread" [_thread_in_vm, id=3468, stack(0x0000004de0e00000,0x0000004de0f00000)]

Stack: [0x0000004de0e00000,0x0000004de0f00000]
Native frames: (J=compiled Java code, j=interpreted, Vv=VM code, C=native code)
V  [jvm.dll+0x683c9a]
V  [jvm.dll+0x8427a4]
V  [jvm.dll+0x843f9e]
V  [jvm.dll+0x844603]
V  [jvm.dll+0x249b75]
V  [jvm.dll+0x680b69]
V  [jvm.dll+0x67505a]
V  [jvm.dll+0x309acb]
V  [jvm.dll+0x310f86]
V  [jvm.dll+0x3608ee]
V  [jvm.dll+0x360b1f]
V  [jvm.dll+0x2dfbf8]
V  [jvm.dll+0x2e0b64]
V  [jvm.dll+0x814091]
V  [jvm.dll+0x36e6a1]
V  [jvm.dll+0x7f35cc]
V  [jvm.dll+0x3f0e8f]
V  [jvm.dll+0x3f29d1]
C  [jli.dll+0x526b]
C  [ucrtbase.dll+0x29363]
C  [KERNEL32.DLL+0x1257d]
C  [ntdll.dll+0x5aa78]


---------------  P R O C E S S  ---------------

Threads class SMR info:
_java_thread_list=0x00007ffaaf6ec058, length=0, elements={
}

Java Threads: ( => current thread )

Other Threads:
  0x000002194cf2fdf0 GCTaskThread "GC Thread#0" [stack: 0x0000004de0f00000,0x0000004de1000000] [id=10656]
  0x000002194cf40970 ConcurrentGCThread "G1 Main Marker" [stack: 0x0000004de1000000,0x0000004de1100000] [id=22872]
  0x000002194cf41380 ConcurrentGCThread "G1 Conc#0" [stack: 0x0000004de1100000,0x0000004de1200000] [id=14680]

[error occurred during error reporting (printing all threads), id 0xc0000005, EXCEPTION_ACCESS_VIOLATION (0xc0000005) at pc=0x00007ffaaeea0797]

VM state: not at safepoint (not fully initialized)

VM Mutex/Monitor currently owned by a thread:  ([mutex/lock_event])
[0x000002194ced2780] Heap_lock - owner thread: 0x000002194ced6780

Heap address: 0x0000000081e00000, size: 2018 MB, Compressed Oops mode: 32-bit

CDS archive(s) mapped at: [0x0000000000000000-0x0000000000000000-0x0000000000000000), size 0, SharedBaseAddress: 0x0000000800000000, ArchiveRelocationMode: 0.
Narrow klass base: 0x0000000000000000, Narrow klass shift: 0, Narrow klass range: 0x0

GC Precious Log:
<Empty>

Heap:
 garbage-first heap   total 0K, used 0K [0x0000000081e00000, 0x0000000100000000)
  region size 1024K, 0 young (0K), 0 survivors (0K)

[error occurred during error reporting (printing heap information), id 0xc0000005, EXCEPTION_ACCESS_VIOLATION (0xc0000005) at pc=0x00007ffaaf28da89]

GC Heap History (0 events):
No events

Dll operation events (1 events):
Event: 0.232 Loaded shared library C:\Program Files\Android\Android Studio\jbr\bin\java.dll

Deoptimization events (0 events):
No events

Classes unloaded (0 events):
No events

Classes redefined (0 events):
No events

Internal exceptions (0 events):
No events

VM Operations (0 events):
No events

Events (0 events):
No events


Dynamic libraries:
0x00007ff72e690000 - 0x00007ff72e69a000 	C:\Program Files\Android\Android Studio\jbr\bin\java.EXE
0x00007ffbaeb90000 - 0x00007ffbaeda7000 	C:\Windows\SYSTEM32\ntdll.dll
0x00007ffbad710000 - 0x00007ffbad7d4000 	C:\Windows\System32\KERNEL32.DLL
0x00007ffbabee0000 - 0x00007ffbac286000 	C:\Windows\System32\KERNELBASE.dll
0x00007ffbac4c0000 - 0x00007ffbac5d1000 	C:\Windows\System32\ucrtbase.dll
0x00007ffba41d0000 - 0x00007ffba41e7000 	C:\Program Files\Android\Android Studio\jbr\bin\jli.dll
0x00007ffba3280000 - 0x00007ffba329b000 	C:\Program Files\Android\Android Studio\jbr\bin\VCRUNTIME140.dll
0x00007ffbacc80000 - 0x00007ffbace2d000 	C:\Windows\System32\USER32.dll
0x00007ffbac810000 - 0x00007ffbac836000 	C:\Windows\System32\win32u.dll
0x00007ffbae980000 - 0x00007ffbae9a9000 	C:\Windows\System32\GDI32.dll
0x00007ffbac6f0000 - 0x00007ffbac808000 	C:\Windows\System32\gdi32full.dll
0x00007ffbac5e0000 - 0x00007ffbac67a000 	C:\Windows\System32\msvcp_win.dll
0x00007ffb8fbb0000 - 0x00007ffb8fe43000 	C:\Windows\WinSxS\amd64_microsoft.windows.common-controls_6595b64144ccf1df_6.0.22621.2361_none_2712ced57382f843\COMCTL32.dll
0x00007ffbacbd0000 - 0x00007ffbacc77000 	C:\Windows\System32\msvcrt.dll
0x00007ffbae700000 - 0x00007ffbae731000 	C:\Windows\System32\IMM32.DLL
0x00007ffb91960000 - 0x00007ffb9196c000 	C:\Program Files\Android\Android Studio\jbr\bin\vcruntime140_1.dll
0x00007ffb7c6c0000 - 0x00007ffb7c74d000 	C:\Program Files\Android\Android Studio\jbr\bin\msvcp140.dll
0x00007ffaaebb0000 - 0x00007ffaaf81e000 	C:\Program Files\Android\Android Studio\jbr\bin\server\jvm.dll
0x00007ffbae740000 - 0x00007ffbae7f0000 	C:\Windows\System32\ADVAPI32.dll
0x00007ffbae510000 - 0x00007ffbae5b6000 	C:\Windows\System32\sechost.dll
0x00007ffbae860000 - 0x00007ffbae977000 	C:\Windows\System32\RPCRT4.dll
0x00007ffb91990000 - 0x00007ffb91999000 	C:\Windows\SYSTEM32\WSOCK32.dll
0x00007ffbad870000 - 0x00007ffbad8e1000 	C:\Windows\System32\WS2_32.dll
0x00007ffba17a0000 - 0x00007ffba17d4000 	C:\Windows\SYSTEM32\WINMM.dll
0x00007ffba3550000 - 0x00007ffba355a000 	C:\Windows\SYSTEM32\VERSION.dll
0x00007ffbaaec0000 - 0x00007ffbaaed8000 	C:\Windows\SYSTEM32\kernel.appcore.dll
0x00007ffb91950000 - 0x00007ffb9195a000 	C:\Program Files\Android\Android Studio\jbr\bin\jimage.dll
0x00007ffba9950000 - 0x00007ffba9b7e000 	C:\Windows\SYSTEM32\DBGHELP.DLL
0x00007ffbae160000 - 0x00007ffbae4ea000 	C:\Windows\System32\combase.dll
0x00007ffbae9c0000 - 0x00007ffbaea97000 	C:\Windows\System32\OLEAUT32.dll
0x00007ffb89a30000 - 0x00007ffb89a62000 	C:\Windows\SYSTEM32\dbgcore.DLL
0x00007ffbac840000 - 0x00007ffbac8ba000 	C:\Windows\System32\bcryptPrimitives.dll
0x00007ffb8e0a0000 - 0x00007ffb8e0c5000 	C:\Program Files\Android\Android Studio\jbr\bin\java.dll

dbghelp: loaded successfully - version: 4.0.5 - missing functions: none
symbol engine: initialized successfully - sym options: 0x614 - pdb path: .;C:\Program Files\Android\Android Studio\jbr\bin;C:\Windows\SYSTEM32;C:\Windows\WinSxS\amd64_microsoft.windows.common-controls_6595b64144ccf1df_6.0.22621.2361_none_2712ced57382f843;C:\Program Files\Android\Android Studio\jbr\bin\server

VM Arguments:
java_command: <unknown>
java_class_path (initial): <not set>
Launcher Type: SUN_STANDARD

[Global flags]
     intx CICompilerCount                          = 3                                         {product} {ergonomic}
     uint ConcGCThreads                            = 1                                         {product} {ergonomic}
     uint G1ConcRefinementThreads                  = 4                                         {product} {ergonomic}
   size_t G1HeapRegionSize                         = 1048576                                   {product} {ergonomic}
    uintx GCDrainStackTargetSize                   = 64                                        {product} {ergonomic}
   size_t InitialHeapSize                          = 134217728                                 {product} {ergonomic}
   size_t MarkStackSize                            = 4194304                                   {product} {ergonomic}
   size_t MaxHeapSize                              = 2116026368                                {product} {ergonomic}
   size_t MinHeapDeltaBytes                        = 1048576                                   {product} {ergonomic}
   size_t MinHeapSize                              = 8388608                                   {product} {ergonomic}
    uintx NonNMethodCodeHeapSize                   = 5832780                                {pd product} {ergonomic}
    uintx NonProfiledCodeHeapSize                  = 122912730                              {pd product} {ergonomic}
    uintx ProfiledCodeHeapSize                     = 122912730                              {pd product} {ergonomic}
    uintx ReservedCodeCacheSize                    = 251658240                              {pd product} {ergonomic}
     bool SegmentedCodeCache                       = true                                      {product} {ergonomic}
   size_t SoftMaxHeapSize                          = 2116026368                             {manageable} {ergonomic}
     bool UseCompressedClassPointers               = true                           {product lp64_product} {ergonomic}
     bool UseCompressedOops                        = true                           {product lp64_product} {ergonomic}
     bool UseG1GC                                  = true                                      {product} {ergonomic}
     bool UseLargePagesIndividualAllocation        = false                                  {pd product} {ergonomic}

Logging:
Log output configuration:
 #0: stdout all=warning uptime,level,tags
 #1: stderr all=off uptime,level,tags

Environment Variables:
PATH=C:\Windows\system32;C:\Windows;C:\Windows\System32\Wbem;C:\Windows\System32\WindowsPowerShell\v1.0\;C:\Windows\System32\OpenSSH\;C:\Program Files\Git\cmd;C:\Program Files\nodejs\;C:\Users\Saara\AppData\Local\Microsoft\WindowsApps;C:\flutter\bin;C:\Users\Saara\AppData\Local\Programs\Microsoft VS Code\bin;C:\ProgramData\Microsoft\Windows\Start Menu\Programs\Git;C:\dart-sdk\bin;C:\Users\Saara\AppData\Roaming\npm;C:\flutter\bin\mingit\cmd;C:\flutter\bin\mingit\cmd
USERNAME=Saara
OS=Windows_NT
PROCESSOR_IDENTIFIER=Intel64 Family 6 Model 78 Stepping 3, GenuineIntel
TMP=C:\Users\Saara\AppData\Local\Temp
TEMP=C:\Users\Saara\AppData\Local\Temp


JNI global refs:

[error occurred during error reporting (JNI global references), id 0xc0000005, EXCEPTION_ACCESS_VIOLATION (0xc0000005) at pc=0x00007ffaaec67a10]


---------------  S Y S T E M  ---------------

OS:
 Windows 11 , 64 bit Build 22621 (10.0.22621.2428)
OS uptime: 19 days 7:10 hours

CPU: total 4 (initial active 4) (2 cores per cpu, 2 threads per core) family 6 model 78 stepping 3 microcode 0xd6, cx8, cmov, fxsr, ht, mmx, 3dnowpref, sse, sse2, sse3, ssse3, sse4.1, sse4.2, popcnt, lzcnt, tsc, tscinvbit, avx, avx2, aes, erms, clmul, bmi1, bmi2, rtm, adx, fma, vzeroupper, clflush, clflushopt

Memory: 4k page, system-wide physical 8071M (67M free)
TotalPageFile size 24540M (AvailPageFile size 19M)
current process WorkingSet (physical memory assigned to process): 11M, peak: 11M
current process commit charge ("private bytes"): 51M, peak: 179M

vm_info: OpenJDK 64-Bit Server VM (17.0.6+0-b2043.56-10027231) for windows-amd64 JRE (17.0.6+0-b2043.56-10027231), built on Apr 28 2023 00:43:19 by "androidbuild" with MS VC++ 16.10 / 16.11 (VS2019)

END.
